Build started 5/13/2016 8:02:07 PM.
     1>Project "C:\dev\Project 2\OpenGL-Project-2\PlantillaOpenGL01\PlantillaOpenGL01\PlantillaOpenGL01.vcxproj" on node 2 (Build target(s)).
     1>ClCompile:
         C:\Program Files (x86)\Microsoft Visual Studio 11.0\VC\bin\CL.exe /c /IC:\dev\opengl\freeglut\include /I"C:\dev\opengl\glew-1.7.0\include" /ZI /nologo /W3 /WX- /Od /Oy- /D WIN32 /D _DEBUG /D _CONSOLE /D _UNICODE /D UNICODE /Gm /EHsc /RTC1 /MDd /GS /fp:precise /Zc:wchar_t /Zc:forScope /Fo"Debug\\" /Fd"Debug\vc110.pdb" /Gd /TP /analyze- /errorReport:prompt main.cpp
         main.cpp
     1>c:\dev\project 2\opengl-project-2\plantillaopengl01\plantillaopengl01\main.cpp(54): warning C4244: 'argument' : conversion from 'double' to 'GLfloat', possible loss of data
     1>c:\dev\project 2\opengl-project-2\plantillaopengl01\plantillaopengl01\main.cpp(61): warning C4305: 'argument' : truncation from 'double' to 'GLfloat'
     1>c:\dev\project 2\opengl-project-2\plantillaopengl01\plantillaopengl01\main.cpp(61): warning C4244: 'argument' : conversion from 'int' to 'GLfloat', possible loss of data
     1>c:\dev\project 2\opengl-project-2\plantillaopengl01\plantillaopengl01\main.cpp(62): warning C4305: 'argument' : truncation from 'double' to 'GLfloat'
     1>c:\dev\project 2\opengl-project-2\plantillaopengl01\plantillaopengl01\main.cpp(62): warning C4244: 'argument' : conversion from 'int' to 'GLfloat', possible loss of data
     1>c:\dev\project 2\opengl-project-2\plantillaopengl01\plantillaopengl01\main.cpp(64): warning C4244: 'argument' : conversion from 'int' to 'GLfloat', possible loss of data
     1>c:\dev\project 2\opengl-project-2\plantillaopengl01\plantillaopengl01\main.cpp(64): warning C4305: 'argument' : truncation from 'double' to 'GLfloat'
     1>c:\dev\project 2\opengl-project-2\plantillaopengl01\plantillaopengl01\main.cpp(65): warning C4244: 'argument' : conversion from 'int' to 'GLfloat', possible loss of data
     1>c:\dev\project 2\opengl-project-2\plantillaopengl01\plantillaopengl01\main.cpp(65): warning C4305: 'argument' : truncation from 'double' to 'GLfloat'
     1>c:\dev\project 2\opengl-project-2\plantillaopengl01\plantillaopengl01\main.cpp(67): warning C4305: 'argument' : truncation from 'double' to 'GLfloat'
     1>c:\dev\project 2\opengl-project-2\plantillaopengl01\plantillaopengl01\main.cpp(67): warning C4244: 'argument' : conversion from 'int' to 'GLfloat', possible loss of data
     1>c:\dev\project 2\opengl-project-2\plantillaopengl01\plantillaopengl01\main.cpp(68): warning C4305: 'argument' : truncation from 'double' to 'GLfloat'
     1>c:\dev\project 2\opengl-project-2\plantillaopengl01\plantillaopengl01\main.cpp(68): warning C4244: 'argument' : conversion from 'int' to 'GLfloat', possible loss of data
     1>c:\dev\project 2\opengl-project-2\plantillaopengl01\plantillaopengl01\main.cpp(70): warning C4244: 'argument' : conversion from 'int' to 'GLfloat', possible loss of data
     1>c:\dev\project 2\opengl-project-2\plantillaopengl01\plantillaopengl01\main.cpp(70): warning C4305: 'argument' : truncation from 'double' to 'GLfloat'
     1>c:\dev\project 2\opengl-project-2\plantillaopengl01\plantillaopengl01\main.cpp(71): warning C4244: 'argument' : conversion from 'int' to 'GLfloat', possible loss of data
     1>c:\dev\project 2\opengl-project-2\plantillaopengl01\plantillaopengl01\main.cpp(71): warning C4305: 'argument' : truncation from 'double' to 'GLfloat'
     1>c:\dev\project 2\opengl-project-2\plantillaopengl01\plantillaopengl01\main.cpp(83): warning C4244: 'argument' : conversion from 'int' to 'GLfloat', possible loss of data
     1>c:\dev\project 2\opengl-project-2\plantillaopengl01\plantillaopengl01\main.cpp(85): warning C4244: 'argument' : conversion from 'int' to 'GLfloat', possible loss of data
     1>c:\dev\project 2\opengl-project-2\plantillaopengl01\plantillaopengl01\main.cpp(100): warning C4305: 'initializing' : truncation from 'double' to 'GLfloat'
     1>c:\dev\project 2\opengl-project-2\plantillaopengl01\plantillaopengl01\main.cpp(115): warning C4305: 'initializing' : truncation from 'double' to 'GLfloat'
     1>c:\dev\project 2\opengl-project-2\plantillaopengl01\plantillaopengl01\main.cpp(147): warning C4305: 'argument' : truncation from 'double' to 'GLfloat'
     1>c:\dev\project 2\opengl-project-2\plantillaopengl01\plantillaopengl01\main.cpp(150): warning C4244: '=' : conversion from 'float' to 'int', possible loss of data
     1>c:\dev\project 2\opengl-project-2\plantillaopengl01\plantillaopengl01\main.cpp(157): warning C4244: '=' : conversion from 'float' to 'int', possible loss of data
     1>c:\dev\project 2\opengl-project-2\plantillaopengl01\plantillaopengl01\main.cpp(261): warning C4244: '=' : conversion from 'int' to 'float', possible loss of data
     1>c:\dev\project 2\opengl-project-2\plantillaopengl01\plantillaopengl01\main.cpp(355): warning C4305: '=' : truncation from 'double' to 'float'
     1>c:\dev\project 2\opengl-project-2\plantillaopengl01\plantillaopengl01\main.cpp(379): warning C4244: 'argument' : conversion from 'double' to 'float', possible loss of data
     1>c:\dev\project 2\opengl-project-2\plantillaopengl01\plantillaopengl01\main.cpp(381): warning C4244: 'argument' : conversion from 'double' to 'float', possible loss of data
     1>c:\dev\project 2\opengl-project-2\plantillaopengl01\plantillaopengl01\main.cpp(382): warning C4244: 'argument' : conversion from 'double' to 'float', possible loss of data
     1>c:\dev\project 2\opengl-project-2\plantillaopengl01\plantillaopengl01\main.cpp(383): warning C4244: 'argument' : conversion from 'double' to 'float', possible loss of data
     1>c:\dev\project 2\opengl-project-2\plantillaopengl01\plantillaopengl01\main.cpp(384): warning C4244: 'argument' : conversion from 'double' to 'float', possible loss of data
     1>c:\dev\project 2\opengl-project-2\plantillaopengl01\plantillaopengl01\main.cpp(385): warning C4244: 'argument' : conversion from 'double' to 'float', possible loss of data
     1>c:\dev\project 2\opengl-project-2\plantillaopengl01\plantillaopengl01\main.cpp(387): warning C4244: 'argument' : conversion from 'double' to 'float', possible loss of data
     1>c:\dev\project 2\opengl-project-2\plantillaopengl01\plantillaopengl01\main.cpp(389): warning C4244: 'argument' : conversion from 'double' to 'float', possible loss of data
     1>c:\dev\project 2\opengl-project-2\plantillaopengl01\plantillaopengl01\main.cpp(390): warning C4244: 'argument' : conversion from 'double' to 'float', possible loss of data
     1>c:\dev\project 2\opengl-project-2\plantillaopengl01\plantillaopengl01\main.cpp(391): warning C4244: 'argument' : conversion from 'double' to 'float', possible loss of data
     1>c:\dev\project 2\opengl-project-2\plantillaopengl01\plantillaopengl01\main.cpp(392): warning C4244: 'argument' : conversion from 'double' to 'float', possible loss of data
     1>c:\dev\project 2\opengl-project-2\plantillaopengl01\plantillaopengl01\main.cpp(393): warning C4244: 'argument' : conversion from 'double' to 'float', possible loss of data
     1>c:\dev\project 2\opengl-project-2\plantillaopengl01\plantillaopengl01\main.cpp(394): warning C4244: 'argument' : conversion from 'double' to 'float', possible loss of data
     1>c:\dev\project 2\opengl-project-2\plantillaopengl01\plantillaopengl01\main.cpp(416): warning C4305: 'argument' : truncation from 'double' to 'float'
     1>c:\dev\project 2\opengl-project-2\plantillaopengl01\plantillaopengl01\main.cpp(429): warning C4244: 'argument' : conversion from 'time_t' to 'unsigned int', possible loss of data
     1>c:\dev\project 2\opengl-project-2\plantillaopengl01\plantillaopengl01\main.cpp(484): warning C4018: '<' : signed/unsigned mismatch
     1>c:\dev\project 2\opengl-project-2\plantillaopengl01\plantillaopengl01\main.cpp(517): warning C4018: '<' : signed/unsigned mismatch
     1>c:\dev\project 2\opengl-project-2\plantillaopengl01\plantillaopengl01\main.cpp(589): warning C4018: '<' : signed/unsigned mismatch
     1>c:\dev\project 2\opengl-project-2\plantillaopengl01\plantillaopengl01\main.cpp(598): warning C4244: '=' : conversion from 'double' to 'float', possible loss of data
     1>c:\dev\project 2\opengl-project-2\plantillaopengl01\plantillaopengl01\main.cpp(601): warning C4244: '=' : conversion from 'double' to 'float', possible loss of data
     1>c:\dev\project 2\opengl-project-2\plantillaopengl01\plantillaopengl01\main.cpp(612): warning C4018: '<' : signed/unsigned mismatch
     1>c:\dev\project 2\opengl-project-2\plantillaopengl01\plantillaopengl01\main.cpp(617): warning C4305: 'argument' : truncation from 'double' to 'float'
     1>c:\dev\project 2\opengl-project-2\plantillaopengl01\plantillaopengl01\main.cpp(617): warning C4244: 'argument' : conversion from 'double' to 'float', possible loss of data
     1>c:\dev\project 2\opengl-project-2\plantillaopengl01\plantillaopengl01\main.cpp(626): warning C4018: '<' : signed/unsigned mismatch
     1>c:\dev\project 2\opengl-project-2\plantillaopengl01\plantillaopengl01\main.cpp(667): warning C4305: '+=' : truncation from 'double' to 'float'
     1>c:\dev\project 2\opengl-project-2\plantillaopengl01\plantillaopengl01\main.cpp(677): warning C4244: 'initializing' : conversion from 'int' to 'float', possible loss of data
     1>c:\dev\project 2\opengl-project-2\plantillaopengl01\plantillaopengl01\main.cpp(678): warning C4244: 'initializing' : conversion from 'int' to 'float', possible loss of data
     1>c:\dev\project 2\opengl-project-2\plantillaopengl01\plantillaopengl01\main.cpp(704): warning C4244: '=' : conversion from 'int' to 'float', possible loss of data
       Link:
         C:\Program Files (x86)\Microsoft Visual Studio 11.0\VC\bin\link.exe /ERRORREPORT:PROMPT /OUT:"C:\dev\Project 2\OpenGL-Project-2\PlantillaOpenGL01\Debug\PlantillaOpenGL01.exe" /INCREMENTAL /NOLOGO /LIBPATH:"C:\Program Files (x86)\Windows Kits\8.1\Lib\winv6.3\um\x86" /LIBPATH:C:\dev\opengl\freeglut\lib /LIBPATH:"C:\dev\opengl\glew-1.7.0\lib" glew32.lib freeglut.lib kernel32.lib user32.lib gdi32.lib winspool.lib comdlg32.lib advapi32.lib shell32.lib ole32.lib oleaut32.lib uuid.lib odbc32.lib odbccp32.lib /MANIFEST /MANIFESTUAC:"level='asInvoker' uiAccess='false'" /manifest:embed /DEBUG /PDB:"C:\dev\Project 2\OpenGL-Project-2\PlantillaOpenGL01\Debug\PlantillaOpenGL01.pdb" /SUBSYSTEM:CONSOLE /TLBID:1 /DYNAMICBASE /NXCOMPAT /IMPLIB:"C:\dev\Project 2\OpenGL-Project-2\PlantillaOpenGL01\Debug\PlantillaOpenGL01.lib" /MACHINE:X86 Debug\main.obj
         PlantillaOpenGL01.vcxproj -> C:\dev\Project 2\OpenGL-Project-2\PlantillaOpenGL01\Debug\PlantillaOpenGL01.exe
     1>Done Building Project "C:\dev\Project 2\OpenGL-Project-2\PlantillaOpenGL01\PlantillaOpenGL01\PlantillaOpenGL01.vcxproj" (Build target(s)).

Build succeeded.

Time Elapsed 00:00:01.78
