Build started 4/26/2016 11:45:02 AM.
     1>Project "C:\dev\PlantillaOpenGL01\PlantillaOpenGL01\PlantillaOpenGL01.vcxproj" on node 2 (Build target(s)).
     1>ClCompile:
         C:\Program Files (x86)\Microsoft Visual Studio 11.0\VC\bin\CL.exe /c /IC:\dev\opengl\freeglut\include /I"C:\dev\opengl\glew-1.7.0\include" /Zi /nologo /W3 /WX- /O2 /Oi /Oy- /GL /D WIN32 /D NDEBUG /D _CONSOLE /D _UNICODE /D UNICODE /Gm- /EHsc /MD /GS /Gy /fp:precise /Zc:wchar_t /Zc:forScope /Fo"Release\\" /Fd"Release\vc110.pdb" /Gd /TP /analyze- /errorReport:prompt main.cpp
         main.cpp
     1>main.cpp(24): warning C4244: 'argument' : conversion from 'double' to 'GLfloat', possible loss of data
     1>main.cpp(31): warning C4305: 'argument' : truncation from 'double' to 'GLfloat'
     1>main.cpp(31): warning C4244: 'argument' : conversion from 'int' to 'GLfloat', possible loss of data
     1>main.cpp(32): warning C4305: 'argument' : truncation from 'double' to 'GLfloat'
     1>main.cpp(32): warning C4244: 'argument' : conversion from 'int' to 'GLfloat', possible loss of data
     1>main.cpp(34): warning C4244: 'argument' : conversion from 'int' to 'GLfloat', possible loss of data
     1>main.cpp(34): warning C4305: 'argument' : truncation from 'double' to 'GLfloat'
     1>main.cpp(35): warning C4244: 'argument' : conversion from 'int' to 'GLfloat', possible loss of data
     1>main.cpp(35): warning C4305: 'argument' : truncation from 'double' to 'GLfloat'
     1>main.cpp(37): warning C4305: 'argument' : truncation from 'double' to 'GLfloat'
     1>main.cpp(37): warning C4244: 'argument' : conversion from 'int' to 'GLfloat', possible loss of data
     1>main.cpp(38): warning C4305: 'argument' : truncation from 'double' to 'GLfloat'
     1>main.cpp(38): warning C4244: 'argument' : conversion from 'int' to 'GLfloat', possible loss of data
     1>main.cpp(40): warning C4244: 'argument' : conversion from 'int' to 'GLfloat', possible loss of data
     1>main.cpp(40): warning C4305: 'argument' : truncation from 'double' to 'GLfloat'
     1>main.cpp(41): warning C4244: 'argument' : conversion from 'int' to 'GLfloat', possible loss of data
     1>main.cpp(41): warning C4305: 'argument' : truncation from 'double' to 'GLfloat'
     1>main.cpp(67): warning C4244: '=' : conversion from 'float' to 'int', possible loss of data
     1>main.cpp(74): warning C4244: '=' : conversion from 'float' to 'int', possible loss of data
       Link:
         C:\Program Files (x86)\Microsoft Visual Studio 11.0\VC\bin\link.exe /ERRORREPORT:PROMPT /OUT:"C:\dev\PlantillaOpenGL01\Release\PlantillaOpenGL01.exe" /INCREMENTAL:NO /NOLOGO /LIBPATH:C:\dev\opengl\freeglut\lib /LIBPATH:"C:\dev\opengl\glew-1.7.0\lib" glew32.lib freeglut.lib kernel32.lib user32.lib gdi32.lib winspool.lib comdlg32.lib advapi32.lib shell32.lib ole32.lib oleaut32.lib uuid.lib odbc32.lib odbccp32.lib /MANIFEST /MANIFESTUAC:"level='asInvoker' uiAccess='false'" /manifest:embed /DEBUG /PDB:"C:\dev\PlantillaOpenGL01\Release\PlantillaOpenGL01.pdb" /SUBSYSTEM:CONSOLE /OPT:REF /OPT:ICF /LTCG /TLBID:1 /DYNAMICBASE /NXCOMPAT /IMPLIB:"C:\dev\PlantillaOpenGL01\Release\PlantillaOpenGL01.lib" /MACHINE:X86 /SAFESEH Release\main.obj
         Generating code
         Finished generating code
         PlantillaOpenGL01.vcxproj -> C:\dev\PlantillaOpenGL01\Release\PlantillaOpenGL01.exe
     1>Done Building Project "C:\dev\PlantillaOpenGL01\PlantillaOpenGL01\PlantillaOpenGL01.vcxproj" (Build target(s)).

Build succeeded.

Time Elapsed 00:00:01.29
